[debug] [2020-12-03T12:53:52.074Z] ----------------------------------------------------------------------
[debug] [2020-12-03T12:53:52.076Z] Command:       /home/marcelo/.nvm/versions/node/v10.21.0/bin/node /home/marcelo/.nvm/versions/node/v10.21.0/bin/firebase emulators:start
[debug] [2020-12-03T12:53:52.076Z] CLI Version:   8.17.0
[debug] [2020-12-03T12:53:52.077Z] Platform:      linux
[debug] [2020-12-03T12:53:52.077Z] Node Version:  v10.21.0
[debug] [2020-12-03T12:53:52.077Z] Time:          Thu Dec 03 2020 09:53:52 GMT-0300 (GMT-03:00)
[debug] [2020-12-03T12:53:52.077Z] ----------------------------------------------------------------------
[debug] [2020-12-03T12:53:52.077Z] 
[debug] [2020-12-03T12:53:52.084Z] > command requires scopes: ["email","openid","https://www.googleapis.com/auth/cloudplatformprojects.readonly","https://www.googleapis.com/auth/firebase","https://www.googleapis.com/auth/cloud-platform"]
[debug] [2020-12-03T12:53:52.085Z] > authorizing via signed-in user
[info] i  emulators: Starting emulators: functions, hosting {"metadata":{"emulator":{"name":"hub"},"message":"Starting emulators: functions, hosting"}}
[debug] [2020-12-03T12:53:52.100Z] [hub] writing locator at /tmp/hub-clippingz.json
[warn] ⚠  functions: The following emulators are not running, calls to these services from the Functions emulator will affect production: auth, firestore, database, pubsub {"metadata":{"emulator":{"name":"functions"},"message":"The following emulators are not running, calls to these services from the Functions emulator will affect production: \u001b[1mauth, firestore, database, pubsub\u001b[22m"}}
[warn] ⚠  Your requested "node" version "12" doesn't match your global version "10" {"metadata":{"emulator":{"name":"functions"},"message":"Your requested \"node\" version \"12\" doesn't match your global version \"10\""}}
[warn] ⚠  functions: Your GOOGLE_APPLICATION_CREDENTIALS environment variable points to /home/marcelo/Documentos/ADS/Vue-Aulas/at/clipping/key.json. Non-emulated services will access production using these credentials. Be careful! {"metadata":{"emulator":{"name":"functions"},"message":"Your GOOGLE_APPLICATION_CREDENTIALS environment variable points to /home/marcelo/Documentos/ADS/Vue-Aulas/at/clipping/key.json. Non-emulated services will access production using these credentials. Be careful!"}}
[debug] [2020-12-03T12:53:52.174Z] >>> HTTP REQUEST GET https://firebase.googleapis.com/v1beta1/projects/clippingz/webApps/-/config  
 
[debug] [2020-12-03T12:53:53.512Z] <<< HTTP RESPONSE 200 {"content-type":"application/json; charset=UTF-8","vary":"X-Origin, Referer, Origin,Accept-Encoding","date":"Thu, 03 Dec 2020 12:53:53 GMT","server":"ESF","cache-control":"private","x-xss-protection":"0","x-frame-options":"SAMEORIGIN","x-content-type-options":"nosniff","alt-svc":"h3-29=\":443\"; ma=2592000,h3-T051=\":443\"; ma=2592000,h3-Q050=\":443\"; ma=2592000,h3-Q046=\":443\"; ma=2592000,h3-Q043=\":443\"; ma=2592000,quic=\":443\"; ma=2592000; v=\"46,43\"","accept-ranges":"none","transfer-encoding":"chunked"}
[info] i  hosting: Serving hosting files from: dist {"metadata":{"emulator":{"name":"hosting"},"message":"Serving hosting files from: \u001b[1mdist\u001b[22m"}}
[info] ✔  hosting: Local server: http://localhost:5000 {"metadata":{"emulator":{"name":"hosting"},"message":"Local server: \u001b[4m\u001b[1mhttp://localhost:5000\u001b[22m\u001b[24m"}}
[info] i  ui: downloading ui-v1.3.0.zip... {"metadata":{"emulator":{"name":"ui"},"message":"downloading ui-v1.3.0.zip..."}}
[debug] [2020-12-03T12:53:53.543Z] >>> [apiv2][query] GET https://storage.googleapis.com/firebase-preview-drop/emulator/ui-v1.3.0.zip [none]
[debug] [2020-12-03T12:53:54.216Z] <<< [apiv2][status] GET https://storage.googleapis.com/firebase-preview-drop/emulator/ui-v1.3.0.zip 200
[debug] [2020-12-03T12:53:54.216Z] <<< [apiv2][body] GET https://storage.googleapis.com/firebase-preview-drop/emulator/ui-v1.3.0.zip [stream]
[info] i  ui: Removing outdated emulator files: ui-v1.1.1 {"metadata":{"emulator":{"name":"ui"},"message":"Removing outdated emulator files: ui-v1.1.1"}}
[info] i  ui: Removing outdated emulator files: ui-v1.1.1.zip {"metadata":{"emulator":{"name":"ui"},"message":"Removing outdated emulator files: ui-v1.1.1.zip"}}
[debug] [2020-12-03T12:53:54.925Z] Ignoring unsupported arg: auto_download {"metadata":{"emulator":{"name":"ui"},"message":"Ignoring unsupported arg: auto_download"}}
[debug] [2020-12-03T12:53:54.925Z] Ignoring unsupported arg: port {"metadata":{"emulator":{"name":"ui"},"message":"Ignoring unsupported arg: port"}}
[debug] [2020-12-03T12:53:54.925Z] Starting Emulator UI with command {"binary":"node","args":["/home/marcelo/.cache/firebase/emulators/ui-v1.3.0/server.bundle.js"],"optionalArgs":[],"joinArgs":false} {"metadata":{"emulator":{"name":"ui"},"message":"Starting Emulator UI with command {\"binary\":\"node\",\"args\":[\"/home/marcelo/.cache/firebase/emulators/ui-v1.3.0/server.bundle.js\"],\"optionalArgs\":[],\"joinArgs\":false}"}}
[info] i  ui: Emulator UI logging to ui-debug.log {"metadata":{"emulator":{"name":"ui"},"message":"Emulator UI logging to \u001b[1mui-debug.log\u001b[22m"}}
[debug] [2020-12-03T12:53:55.038Z] Web / API server started at http://localhost:4000
 {"metadata":{"emulator":{"name":"ui"},"message":"Web / API server started at http://localhost:4000\n"}}
[info] i  functions: Watching "/home/marcelo/Documentos/ADS/Vue-Aulas/at/clipping/functions" for Cloud Functions... {"metadata":{"emulator":{"name":"functions"},"message":"Watching \"/home/marcelo/Documentos/ADS/Vue-Aulas/at/clipping/functions\" for Cloud Functions..."}}
[debug] [2020-12-03T12:53:55.199Z] [worker-pool] addWorker(~diagnostic~) {"metadata":{"emulator":{"name":"functions"},"message":"[worker-pool] addWorker(~diagnostic~)"}}
[debug] [2020-12-03T12:53:55.199Z] [worker-pool] Adding worker with key ~diagnostic~, total=1 {"metadata":{"emulator":{"name":"functions"},"message":"[worker-pool] Adding worker with key ~diagnostic~, total=1"}}
[debug] [2020-12-03T12:53:55.200Z] [worker-pool] submitWork(triggerId=) {"metadata":{"emulator":{"name":"functions"},"message":"[worker-pool] submitWork(triggerId=)"}}
[debug] [2020-12-03T12:53:55.200Z] [worker-~diagnostic~-a4972a9d-862e-414c-8fb8-fe334278a3f8]: Assigning socketPath: /tmp/fire_emu_22140.sock {"metadata":{"emulator":{"name":"functions"},"message":"[worker-~diagnostic~-a4972a9d-862e-414c-8fb8-fe334278a3f8]: Assigning socketPath: /tmp/fire_emu_22140.sock"}}
[debug] [2020-12-03T12:53:55.200Z] [worker-~diagnostic~-a4972a9d-862e-414c-8fb8-fe334278a3f8]: BUSY {"metadata":{"emulator":{"name":"functions"},"message":"[worker-~diagnostic~-a4972a9d-862e-414c-8fb8-fe334278a3f8]: BUSY"}}
[debug] [2020-12-03T12:53:55.335Z] [runtime-status] [22140] Functions runtime initialized. {"cwd":"/home/marcelo/Documentos/ADS/Vue-Aulas/at/clipping/functions","node_version":"10.21.0"} {"metadata":{"emulator":{"name":"functions"},"message":"[runtime-status] [22140] Functions runtime initialized. {\"cwd\":\"/home/marcelo/Documentos/ADS/Vue-Aulas/at/clipping/functions\",\"node_version\":\"10.21.0\"}"}}
[debug] [2020-12-03T12:53:55.336Z] [runtime-status] [22140] Disabled runtime features: undefined {"metadata":{"emulator":{"name":"functions"},"message":"[runtime-status] [22140] Disabled runtime features: undefined"}}
[debug] [2020-12-03T12:53:55.338Z] [runtime-status] [22140] Resolved module firebase-admin {"declared":true,"installed":true,"version":"9.4.1","resolution":"/home/marcelo/Documentos/ADS/Vue-Aulas/at/clipping/functions/node_modules/firebase-admin/lib/index.js"} {"metadata":{"emulator":{"name":"functions"},"message":"[runtime-status] [22140] Resolved module firebase-admin {\"declared\":true,\"installed\":true,\"version\":\"9.4.1\",\"resolution\":\"/home/marcelo/Documentos/ADS/Vue-Aulas/at/clipping/functions/node_modules/firebase-admin/lib/index.js\"}"}}
[debug] [2020-12-03T12:53:55.339Z] [runtime-status] [22140] Resolved module firebase-functions {"declared":true,"installed":true,"version":"3.12.0","resolution":"/home/marcelo/Documentos/ADS/Vue-Aulas/at/clipping/functions/node_modules/firebase-functions/lib/index.js"} {"metadata":{"emulator":{"name":"functions"},"message":"[runtime-status] [22140] Resolved module firebase-functions {\"declared\":true,\"installed\":true,\"version\":\"3.12.0\",\"resolution\":\"/home/marcelo/Documentos/ADS/Vue-Aulas/at/clipping/functions/node_modules/firebase-functions/lib/index.js\"}"}}
[debug] [2020-12-03T12:53:55.339Z] [runtime-status] [22140] Resolved module firebase-functions {"declared":true,"installed":true,"version":"3.12.0","resolution":"/home/marcelo/Documentos/ADS/Vue-Aulas/at/clipping/functions/node_modules/firebase-functions/lib/index.js"} {"metadata":{"emulator":{"name":"functions"},"message":"[runtime-status] [22140] Resolved module firebase-functions {\"declared\":true,\"installed\":true,\"version\":\"3.12.0\",\"resolution\":\"/home/marcelo/Documentos/ADS/Vue-Aulas/at/clipping/functions/node_modules/firebase-functions/lib/index.js\"}"}}
[debug] [2020-12-03T12:53:55.343Z] [runtime-status] [22140] Outgoing network have been stubbed. [{"name":"http","status":"mocked"},{"name":"http","status":"mocked"},{"name":"https","status":"mocked"},{"name":"https","status":"mocked"},{"name":"net","status":"mocked"}] {"metadata":{"emulator":{"name":"functions"},"message":"[runtime-status] [22140] Outgoing network have been stubbed. [{\"name\":\"http\",\"status\":\"mocked\"},{\"name\":\"http\",\"status\":\"mocked\"},{\"name\":\"https\",\"status\":\"mocked\"},{\"name\":\"https\",\"status\":\"mocked\"},{\"name\":\"net\",\"status\":\"mocked\"}]"}}
[debug] [2020-12-03T12:53:55.343Z] [runtime-status] [22140] Resolved module firebase-functions {"declared":true,"installed":true,"version":"3.12.0","resolution":"/home/marcelo/Documentos/ADS/Vue-Aulas/at/clipping/functions/node_modules/firebase-functions/lib/index.js"} {"metadata":{"emulator":{"name":"functions"},"message":"[runtime-status] [22140] Resolved module firebase-functions {\"declared\":true,\"installed\":true,\"version\":\"3.12.0\",\"resolution\":\"/home/marcelo/Documentos/ADS/Vue-Aulas/at/clipping/functions/node_modules/firebase-functions/lib/index.js\"}"}}
[debug] [2020-12-03T12:53:55.378Z] [runtime-status] [22140] Checked functions.config() {"config":{}} {"metadata":{"emulator":{"name":"functions"},"message":"[runtime-status] [22140] Checked functions.config() {\"config\":{}}"}}
[debug] [2020-12-03T12:53:55.378Z] [runtime-status] [22140] firebase-functions has been stubbed. {"functionsResolution":{"declared":true,"installed":true,"version":"3.12.0","resolution":"/home/marcelo/Documentos/ADS/Vue-Aulas/at/clipping/functions/node_modules/firebase-functions/lib/index.js"}} {"metadata":{"emulator":{"name":"functions"},"message":"[runtime-status] [22140] firebase-functions has been stubbed. {\"functionsResolution\":{\"declared\":true,\"installed\":true,\"version\":\"3.12.0\",\"resolution\":\"/home/marcelo/Documentos/ADS/Vue-Aulas/at/clipping/functions/node_modules/firebase-functions/lib/index.js\"}}"}}
[debug] [2020-12-03T12:53:55.378Z] [runtime-status] [22140] Resolved module firebase-functions {"declared":true,"installed":true,"version":"3.12.0","resolution":"/home/marcelo/Documentos/ADS/Vue-Aulas/at/clipping/functions/node_modules/firebase-functions/lib/index.js"} {"metadata":{"emulator":{"name":"functions"},"message":"[runtime-status] [22140] Resolved module firebase-functions {\"declared\":true,\"installed\":true,\"version\":\"3.12.0\",\"resolution\":\"/home/marcelo/Documentos/ADS/Vue-Aulas/at/clipping/functions/node_modules/firebase-functions/lib/index.js\"}"}}
[debug] [2020-12-03T12:53:55.379Z] [runtime-status] [22140] Resolved module firebase-admin {"declared":true,"installed":true,"version":"9.4.1","resolution":"/home/marcelo/Documentos/ADS/Vue-Aulas/at/clipping/functions/node_modules/firebase-admin/lib/index.js"} {"metadata":{"emulator":{"name":"functions"},"message":"[runtime-status] [22140] Resolved module firebase-admin {\"declared\":true,\"installed\":true,\"version\":\"9.4.1\",\"resolution\":\"/home/marcelo/Documentos/ADS/Vue-Aulas/at/clipping/functions/node_modules/firebase-admin/lib/index.js\"}"}}
[debug] [2020-12-03T12:53:55.379Z] [runtime-status] [22140] Resolved module firebase-functions {"declared":true,"installed":true,"version":"3.12.0","resolution":"/home/marcelo/Documentos/ADS/Vue-Aulas/at/clipping/functions/node_modules/firebase-functions/lib/index.js"} {"metadata":{"emulator":{"name":"functions"},"message":"[runtime-status] [22140] Resolved module firebase-functions {\"declared\":true,\"installed\":true,\"version\":\"3.12.0\",\"resolution\":\"/home/marcelo/Documentos/ADS/Vue-Aulas/at/clipping/functions/node_modules/firebase-functions/lib/index.js\"}"}}
[debug] [2020-12-03T12:53:55.379Z] [runtime-status] [22140] firebase-admin has been stubbed. {"adminResolution":{"declared":true,"installed":true,"version":"9.4.1","resolution":"/home/marcelo/Documentos/ADS/Vue-Aulas/at/clipping/functions/node_modules/firebase-admin/lib/index.js"}} {"metadata":{"emulator":{"name":"functions"},"message":"[runtime-status] [22140] firebase-admin has been stubbed. {\"adminResolution\":{\"declared\":true,\"installed\":true,\"version\":\"9.4.1\",\"resolution\":\"/home/marcelo/Documentos/ADS/Vue-Aulas/at/clipping/functions/node_modules/firebase-admin/lib/index.js\"}}"}}
[info] 
┌────────────────────────────────────────────────────────────────┐
│ ✔  All emulators ready! View status and logs at localhost:4000 │
└────────────────────────────────────────────────────────────────┘

┌───────────┬────────────────┬──────────────────────────┐
│ Emulator  │ Host:Port      │ View in Emulator UI      │
├───────────┼────────────────┼──────────────────────────┤
│ Functions │ localhost:5001 │ localhost:4000/functions │
├───────────┼────────────────┼──────────────────────────┤
│ Hosting   │ localhost:5000 │ n/a                      │
└───────────┴────────────────┴──────────────────────────┘
  Other reserved ports: 4400, 4500

Issues? Report them at https://github.com/firebase/firebase-tools/issues and attach the *-debug.log files.
 
[debug] [2020-12-03T12:53:55.382Z] [worker-~diagnostic~-a4972a9d-862e-414c-8fb8-fe334278a3f8]: IDLE {"metadata":{"emulator":{"name":"functions"},"message":"[worker-~diagnostic~-a4972a9d-862e-414c-8fb8-fe334278a3f8]: IDLE"}}
